Using pre-set license
Built from '2020.3/release' branch; Version is '2020.3.1f1 (77a89f25062f) revision 7841951'; Using compiler version '192528614'; Build Type 'Release'
OS: 'Windows 10 Pro; OS build 19042.1165; Version 2009; 64bit' Language: 'ko' Physical Memory: 7542 MB
BatchMode: 1, IsHumanControllingUs: 0, StartBugReporterOnCrash: 0, Is64bit: 1, IsPro: 0

 COMMAND LINE ARGUMENTS:
C:\Program Files\Unity\Hub\Editor\2020.3.1f1\Editor\Unity.exe
-adb2
-batchMode
-noUpm
-name
AssetImportWorker0
-projectPath
C:/Users/seng1/OneDrive/문서/GitHub/HanderLand/HanderLand
-logFile
Logs/AssetImportWorker0.log
-srvPort
51577
Successfully changed project path to: C:/Users/seng1/OneDrive/문서/GitHub/HanderLand/HanderLand
C:/Users/seng1/OneDrive/문서/GitHub/HanderLand/HanderLand
Using Asset Import Pipeline V2.
Refreshing native plugins compatible for Editor in 24.32 ms, found 0 plugins.
Preloading 0 native plugins for Editor in 0.00 ms.
Initialize engine version: 2020.3.1f1 (77a89f25062f)
[Subsystems] Discovering subsystems at path C:/Program Files/Unity/Hub/Editor/2020.3.1f1/Editor/Data/Resources/UnitySubsystems
[Subsystems] Discovering subsystems at path C:/Users/seng1/OneDrive/문서/GitHub/HanderLand/HanderLand/Assets
GfxDevice: creating device client; threaded=0
Direct3D:
    Version:  Direct3D 11.0 [level 11.1]
    Renderer: AMD Radeon(TM) Graphics (ID=0x1636)
    Vendor:   
    VRAM:     3771 MB
    Driver:   27.20.11028.10001
Initialize mono
Mono path[0] = 'C:/Program Files/Unity/Hub/Editor/2020.3.1f1/Editor/Data/Managed'
Mono path[1] = 'C:/Program Files/Unity/Hub/Editor/2020.3.1f1/Editor/Data/MonoBleedingEdge/lib/mono/unityjit'
Mono config path = 'C:/Program Files/Unity/Hub/Editor/2020.3.1f1/Editor/Data/MonoBleedingEdge/etc'
Using monoOptions --debugger-agent=transport=dt_socket,embedding=1,server=y,suspend=n,address=127.0.0.1:56884
Begin MonoManager ReloadAssembly
Registering precompiled unity dll's ...
Register platform support module: C:/Program Files/Unity/Hub/Editor/2020.3.1f1/Editor/Data/PlaybackEngines/WebGLSupport/UnityEditor.WebGL.Extensions.dll
Register platform support module: C:/Program Files/Unity/Hub/Editor/2020.3.1f1/Editor/Data/PlaybackEngines/WindowsStandaloneSupport/UnityEditor.WindowsStandalone.Extensions.dll
Registered in 0.002043 seconds.
Native extension for WindowsStandalone target not found
Native extension for WebGL target not found
Refreshing native plugins compatible for Editor in 25.70 ms, found 0 plugins.
Preloading 0 native plugins for Editor in 0.00 ms.
Invoked RoslynAnalysisRunner static constructor.
RoslynAnalysisRunner will not be running.
RoslynAnalysisRunner has terminated.
Mono: successfully reloaded assembly
- Completed reload, in  1.696 seconds
Platform modules already initialized, skipping
Registering precompiled user dll's ...
Registered in 0.000702 seconds.
Begin MonoManager ReloadAssembly
Native extension for WindowsStandalone target not found
Native extension for WebGL target not found
Refreshing native plugins compatible for Editor in 0.24 ms, found 0 plugins.
Preloading 0 native plugins for Editor in 0.00 ms.
Invoked RoslynAnalysisRunner static constructor.
RoslynAnalysisRunner will not be running.
RoslynAnalysisRunner has terminated.
Mono: successfully reloaded assembly
- Completed reload, in  0.778 seconds
Platform modules already initialized, skipping
========================================================================
Worker process is ready to serve import requests
Launched and connected shader compiler UnityShaderCompiler.exe after 0.04 seconds
Refreshing native plugins compatible for Editor in 0.36 ms, found 0 plugins.
Preloading 0 native plugins for Editor in 0.00 ms.
Unloading 1150 Unused Serialized files (Serialized files now loaded: 0)
System memory in use before: 71.5 MB.
System memory in use after: 71.5 MB.

Unloading 10 unused Assets to reduce memory usage. Loaded Objects now: 1610.
Total: 1.783000 ms (FindLiveObjects: 0.172800 ms CreateObjectMapping: 0.035200 ms MarkObjects: 1.471300 ms  DeleteObjects: 0.102200 ms)

========================================================================
Received Import Request.
  path: Assets/Material/Platform.mat
  artifactKey: Guid(f9a2ae3b60467d44fab814c3ef682852) Importer(815301076,1909f56bfc062723c751e8b465ee728b)
Start importing Assets/Material/Platform.mat using Guid(f9a2ae3b60467d44fab814c3ef682852) Importer(815301076,1909f56bfc062723c751e8b465ee728b)  -> (artifact id: 'a2f07c9a793ffa11553bd305335a0b31') in 0.110823 seconds
  Import took 0.113326 seconds .

========================================================================
Received Import Request.
  Time since last request: 6.478068 seconds.
  path: Assets/Material/RollerCoaster 1
  artifactKey: Guid(c84464df4bfed2243ae44d7eaeaa492e) Importer(815301076,1909f56bfc062723c751e8b465ee728b)
Start importing Assets/Material/RollerCoaster 1 using Guid(c84464df4bfed2243ae44d7eaeaa492e) Importer(815301076,1909f56bfc062723c751e8b465ee728b)  -> (artifact id: '8aaaf288074f53ab3eda041bcc326df3') in 0.008946 seconds
  Import took 0.011077 seconds .

========================================================================
Received Import Request.
  Time since last request: 145.454602 seconds.
  path: Assets/Prefabs/Rides/RollerCoaster/test
  artifactKey: Guid(2952a45381a6dcc46b1dfd919652491c) Importer(815301076,1909f56bfc062723c751e8b465ee728b)
Start importing Assets/Prefabs/Rides/RollerCoaster/test using Guid(2952a45381a6dcc46b1dfd919652491c) Importer(815301076,1909f56bfc062723c751e8b465ee728b)  -> (artifact id: '16fec33a591236c55a266020169e0541') in 0.008722 seconds
  Import took 0.011295 seconds .

========================================================================
Received Import Request.
  Time since last request: 0.074654 seconds.
  path: Assets/Prefabs/Rides/RollerCoaster/test/rail.prefab
  artifactKey: Guid(9fc819ab4e6e42349afd0d4418bc66ed) Importer(815301076,1909f56bfc062723c751e8b465ee728b)
Start importing Assets/Prefabs/Rides/RollerCoaster/test/rail.prefab using Guid(9fc819ab4e6e42349afd0d4418bc66ed) Importer(815301076,1909f56bfc062723c751e8b465ee728b)  -> (artifact id: 'c1714c7933bd22b22be1967c2551b724') in 0.020693 seconds
  Import took 0.022853 seconds .

========================================================================
Received Import Request.
  Time since last request: 0.000182 seconds.
  path: Assets/Prefabs/Rides/RollerCoaster/test/train.prefab
  artifactKey: Guid(0e43709fad1f2f44997d89c7a7dd4cfe) Importer(815301076,1909f56bfc062723c751e8b465ee728b)
Start importing Assets/Prefabs/Rides/RollerCoaster/test/train.prefab using Guid(0e43709fad1f2f44997d89c7a7dd4cfe) Importer(815301076,1909f56bfc062723c751e8b465ee728b)  -> (artifact id: 'b6bee28262cad3acd80d073e73aa4623') in 0.031208 seconds
  Import took 0.033610 seconds .

========================================================================
Received Import Request.
  Time since last request: 18.713599 seconds.
  path: Assets/Prefabs/Rides/RollerCoaster/Platform.prefab
  artifactKey: Guid(656643ebf3ec38541ab6781d8e5ed50f) Importer(815301076,1909f56bfc062723c751e8b465ee728b)
Start importing Assets/Prefabs/Rides/RollerCoaster/Platform.prefab using Guid(656643ebf3ec38541ab6781d8e5ed50f) Importer(815301076,1909f56bfc062723c751e8b465ee728b)  -> (artifact id: 'c970b627349f2d01f59f68b76b34f8bf') in 0.016045 seconds
  Import took 0.018395 seconds .

========================================================================
Received Import Request.
  Time since last request: 32.502576 seconds.
  path: Assets/Prefabs/Rides/RollerCoaster/Platform.prefab
  artifactKey: Guid(656643ebf3ec38541ab6781d8e5ed50f) Importer(815301076,1909f56bfc062723c751e8b465ee728b)
Start importing Assets/Prefabs/Rides/RollerCoaster/Platform.prefab using Guid(656643ebf3ec38541ab6781d8e5ed50f) Importer(815301076,1909f56bfc062723c751e8b465ee728b)  -> (artifact id: '0aed4c4433dad0494576e3f5c83b6c8e') in 0.019809 seconds
  Import took 0.022432 seconds .

========================================================================
Received Import Request.
  Time since last request: 1.685348 seconds.
  path: Assets/Prefabs/Rides/RollerCoaster/Platform.prefab
  artifactKey: Guid(656643ebf3ec38541ab6781d8e5ed50f) Importer(815301076,1909f56bfc062723c751e8b465ee728b)
Start importing Assets/Prefabs/Rides/RollerCoaster/Platform.prefab using Guid(656643ebf3ec38541ab6781d8e5ed50f) Importer(815301076,1909f56bfc062723c751e8b465ee728b)  -> (artifact id: 'f89fd69c5de8d48a2bae1bcedf22949b') in 0.016991 seconds
  Import took 0.019692 seconds .

========================================================================
Received Import Request.
  Time since last request: 82.922819 seconds.
  path: Assets/Prefabs/Rides/RollerCoaster/Platform.prefab
  artifactKey: Guid(656643ebf3ec38541ab6781d8e5ed50f) Importer(815301076,1909f56bfc062723c751e8b465ee728b)
Start importing Assets/Prefabs/Rides/RollerCoaster/Platform.prefab using Guid(656643ebf3ec38541ab6781d8e5ed50f) Importer(815301076,1909f56bfc062723c751e8b465ee728b)  -> (artifact id: '95885b9c25cf5f9d08f77166086d18b3') in 0.018774 seconds
  Import took 0.021175 seconds .

========================================================================
Received Import Request.
  Time since last request: 13.661311 seconds.
  path: Assets/Prefabs/Rides/RollerCoaster/Platform.prefab
  artifactKey: Guid(656643ebf3ec38541ab6781d8e5ed50f) Importer(815301076,1909f56bfc062723c751e8b465ee728b)
Start importing Assets/Prefabs/Rides/RollerCoaster/Platform.prefab using Guid(656643ebf3ec38541ab6781d8e5ed50f) Importer(815301076,1909f56bfc062723c751e8b465ee728b)  -> (artifact id: 'bfe1086aa04be4445cf286c649a5a7af') in 0.013911 seconds
  Import took 0.017053 seconds .

========================================================================
Received Import Request.
  Time since last request: 9.467182 seconds.
  path: Assets/Prefabs/Rides/RollerCoaster/Platform.prefab
  artifactKey: Guid(656643ebf3ec38541ab6781d8e5ed50f) Importer(815301076,1909f56bfc062723c751e8b465ee728b)
Start importing Assets/Prefabs/Rides/RollerCoaster/Platform.prefab using Guid(656643ebf3ec38541ab6781d8e5ed50f) Importer(815301076,1909f56bfc062723c751e8b465ee728b)  -> (artifact id: '1efca485513e4697a618369fe35338c6') in 0.011167 seconds
  Import took 0.014800 seconds .

========================================================================
Received Import Request.
  Time since last request: 3.811709 seconds.
  path: Assets/Prefabs/Rides/RollerCoaster/Platform.prefab
  artifactKey: Guid(656643ebf3ec38541ab6781d8e5ed50f) Importer(815301076,1909f56bfc062723c751e8b465ee728b)
Start importing Assets/Prefabs/Rides/RollerCoaster/Platform.prefab using Guid(656643ebf3ec38541ab6781d8e5ed50f) Importer(815301076,1909f56bfc062723c751e8b465ee728b)  -> (artifact id: '731298c2138fdf45ea1355b43d464b0d') in 0.010634 seconds
  Import took 0.013934 seconds .

========================================================================
Received Import Request.
  Time since last request: 12.681580 seconds.
  path: Assets/Prefabs/Rides/RollerCoaster/Platform.prefab
  artifactKey: Guid(656643ebf3ec38541ab6781d8e5ed50f) Importer(815301076,1909f56bfc062723c751e8b465ee728b)
Start importing Assets/Prefabs/Rides/RollerCoaster/Platform.prefab using Guid(656643ebf3ec38541ab6781d8e5ed50f) Importer(815301076,1909f56bfc062723c751e8b465ee728b)  -> (artifact id: '38720f6052f6cfa60ca6cca6322bc0e3') in 0.013168 seconds
  Import took 0.016277 seconds .

========================================================================
Received Import Request.
  Time since last request: 4.622890 seconds.
  path: Assets/Prefabs/Rides/RollerCoaster/Platform.prefab
  artifactKey: Guid(656643ebf3ec38541ab6781d8e5ed50f) Importer(815301076,1909f56bfc062723c751e8b465ee728b)
Start importing Assets/Prefabs/Rides/RollerCoaster/Platform.prefab using Guid(656643ebf3ec38541ab6781d8e5ed50f) Importer(815301076,1909f56bfc062723c751e8b465ee728b)  -> (artifact id: '5eb077f82e5bf7ae19c0abff3e0359b0') in 0.013933 seconds
  Import took 0.016230 seconds .

========================================================================
Received Import Request.
  Time since last request: 191.987863 seconds.
  path: Assets/Prefabs/Rides/RollerCoaster/Platform.prefab
  artifactKey: Guid(656643ebf3ec38541ab6781d8e5ed50f) Importer(815301076,1909f56bfc062723c751e8b465ee728b)
Start importing Assets/Prefabs/Rides/RollerCoaster/Platform.prefab using Guid(656643ebf3ec38541ab6781d8e5ed50f) Importer(815301076,1909f56bfc062723c751e8b465ee728b)  -> (artifact id: '1dec3dedbe1a0eb7217e7057ea38a676') in 0.014514 seconds
  Import took 0.016855 seconds .

========================================================================
Received Import Request.
  Time since last request: 4.074440 seconds.
  path: Assets/Prefabs/Rides/RollerCoaster/Platform.prefab
  artifactKey: Guid(656643ebf3ec38541ab6781d8e5ed50f) Importer(815301076,1909f56bfc062723c751e8b465ee728b)
Start importing Assets/Prefabs/Rides/RollerCoaster/Platform.prefab using Guid(656643ebf3ec38541ab6781d8e5ed50f) Importer(815301076,1909f56bfc062723c751e8b465ee728b)  -> (artifact id: 'f04502231d94046aafdb311766d7e4d4') in 0.014305 seconds
  Import took 0.017135 seconds .

========================================================================
Received Import Request.
  Time since last request: 4.210394 seconds.
  path: Assets/Prefabs/Rides/RollerCoaster/Platform.prefab
  artifactKey: Guid(656643ebf3ec38541ab6781d8e5ed50f) Importer(815301076,1909f56bfc062723c751e8b465ee728b)
Start importing Assets/Prefabs/Rides/RollerCoaster/Platform.prefab using Guid(656643ebf3ec38541ab6781d8e5ed50f) Importer(815301076,1909f56bfc062723c751e8b465ee728b)  -> (artifact id: 'a741107b3ff3adc6daee2b19a9a79ff0') in 0.011359 seconds
  Import took 0.014828 seconds .

========================================================================
Received Import Request.
  Time since last request: 0.559005 seconds.
  path: Assets/Prefabs/Rides/RollerCoaster/Platform.prefab
  artifactKey: Guid(656643ebf3ec38541ab6781d8e5ed50f) Importer(815301076,1909f56bfc062723c751e8b465ee728b)
Start importing Assets/Prefabs/Rides/RollerCoaster/Platform.prefab using Guid(656643ebf3ec38541ab6781d8e5ed50f) Importer(815301076,1909f56bfc062723c751e8b465ee728b)  -> (artifact id: 'b6148976779917c226af18fd41e281a8') in 0.015615 seconds
  Import took 0.018032 seconds .

========================================================================
Received Import Request.
  Time since last request: 3.835912 seconds.
  path: Assets/Prefabs/Rides/RollerCoaster/Platform.prefab
  artifactKey: Guid(656643ebf3ec38541ab6781d8e5ed50f) Importer(815301076,1909f56bfc062723c751e8b465ee728b)
Start importing Assets/Prefabs/Rides/RollerCoaster/Platform.prefab using Guid(656643ebf3ec38541ab6781d8e5ed50f) Importer(815301076,1909f56bfc062723c751e8b465ee728b)  -> (artifact id: '659376d22bfef15507e077abc0aa8083') in 0.012445 seconds
  Import took 0.015149 seconds .

AssetImportWorkerClient::OnTransportError - code=2 error=End of file
